[02:02:15] [main/INFO]: Environment: authHost='https://authserver.mojang.com', accountsHost='https://api.mojang.com', sessionHost='https://sessionserver.mojang.com', servicesHost='https://api.minecraftservices.com', name='PROD'
[02:02:15] [main/INFO]: Found new data pack file/bukkit, loading it automatically
[02:02:16] [main/INFO]: Reloading ResourceManager: Default, bukkit
[02:02:17] [Worker-Main-9/INFO]: Loaded 7 recipes
[02:02:19] [Server thread/INFO]: Starting minecraft server version 1.16.4
[02:02:19] [Server thread/INFO]: Loading properties
[02:02:20] [Server thread/INFO]: This server is running CraftBukkit version git-Spigot-37d799b-3eb7236 (MC: 1.16.4) (Implementing API version 1.16.4-R0.1-SNAPSHOT)
[02:02:20] [Server thread/INFO]: Server Ping Player Sample Count: 12
[02:02:20] [Server thread/INFO]: Using 4 threads for Netty based IO
[02:02:20] [Server thread/INFO]: Debug logging is disabled
[02:02:20] [Server thread/INFO]: Default game type: SURVIVAL
[02:02:20] [Server thread/INFO]: Generating keypair
[02:02:20] [Server thread/INFO]: Starting Minecraft server on *:25565
[02:02:20] [Server thread/INFO]: Using epoll channel type
[02:02:20] [Server thread/INFO]: Preparing level "world"
[02:02:20] [Server thread/INFO]: -------- World Settings For [world] --------
[02:02:20] [Server thread/INFO]: Experience Merge Radius: 3.0
[02:02:20] [Server thread/INFO]: Mob Spawn Range: 6
[02:02:20] [Server thread/INFO]: Cactus Growth Modifier: 100%
[02:02:20] [Server thread/INFO]: Cane Growth Modifier: 100%
[02:02:20] [Server thread/INFO]: Melon Growth Modifier: 100%
[02:02:20] [Server thread/INFO]: Mushroom Growth Modifier: 100%
[02:02:20] [Server thread/INFO]: Pumpkin Growth Modifier: 100%
[02:02:20] [Server thread/INFO]: Sapling Growth Modifier: 100%
[02:02:20] [Server thread/INFO]: Beetroot Growth Modifier: 100%
[02:02:20] [Server thread/INFO]: Carrot Growth Modifier: 100%
[02:02:20] [Server thread/INFO]: Potato Growth Modifier: 100%
[02:02:20] [Server thread/INFO]: Wheat Growth Modifier: 100%
[02:02:20] [Server thread/INFO]: NetherWart Growth Modifier: 100%
[02:02:20] [Server thread/INFO]: Vine Growth Modifier: 100%
[02:02:20] [Server thread/INFO]: Cocoa Growth Modifier: 100%
[02:02:20] [Server thread/INFO]: Bamboo Growth Modifier: 100%
[02:02:20] [Server thread/INFO]: SweetBerry Growth Modifier: 100%
[02:02:20] [Server thread/INFO]: Kelp Growth Modifier: 100%
[02:02:20] [Server thread/INFO]: Entity Activation Range: An 32 / Mo 32 / Ra 48 / Mi 16 / Tiv true
[02:02:20] [Server thread/INFO]: Hopper Transfer: 8 Hopper Check: 1 Hopper Amount: 1
[02:02:20] [Server thread/INFO]: Custom Map Seeds:  Village: 10387312 Desert: 14357617 Igloo: 14357618 Jungle: 14357619 Swamp: 14357620 Monument: 10387313 Ocean: 14357621 Shipwreck: 165745295 End City: 10387313 Slime: 987234911 Bastion: 30084232 Fortress: 30084232 Mansion: 10387319 Fossil: 14357921 Portal: 34222645
[02:02:20] [Server thread/INFO]: Max TNT Explosions: 100
[02:02:21] [Server thread/INFO]: Tile Max Tick Time: 50ms Entity max Tick Time: 50ms
[02:02:21] [Server thread/INFO]: Entity Tracking Range: Pl 48 / An 48 / Mo 48 / Mi 32 / Other 64
[02:02:21] [Server thread/INFO]: Allow Zombie Pigmen to spawn from portal blocks: true
[02:02:21] [Server thread/INFO]: View Distance: 10
[02:02:21] [Server thread/INFO]: Item Despawn Rate: 6000
[02:02:21] [Server thread/INFO]: Item Merge Radius: 2.5
[02:02:21] [Server thread/INFO]: Arrow Despawn Rate: 1200 Trident Respawn Rate:1200
[02:02:21] [Server thread/INFO]: Zombie Aggressive Towards Villager: true
[02:02:21] [Server thread/INFO]: Nerfing mobs spawned from spawners: false
[02:02:27] [Server thread/INFO]: -------- World Settings For [world_nether] --------
[02:02:27] [Server thread/INFO]: Experience Merge Radius: 3.0
[02:02:27] [Server thread/INFO]: Mob Spawn Range: 6
[02:02:27] [Server thread/INFO]: Cactus Growth Modifier: 100%
[02:02:27] [Server thread/INFO]: Cane Growth Modifier: 100%
[02:02:27] [Server thread/INFO]: Melon Growth Modifier: 100%
[02:02:27] [Server thread/INFO]: Mushroom Growth Modifier: 100%
[02:02:27] [Server thread/INFO]: Pumpkin Growth Modifier: 100%
[02:02:27] [Server thread/INFO]: Sapling Growth Modifier: 100%
[02:02:27] [Server thread/INFO]: Beetroot Growth Modifier: 100%
[02:02:27] [Server thread/INFO]: Carrot Growth Modifier: 100%
[02:02:27] [Server thread/INFO]: Potato Growth Modifier: 100%
[02:02:27] [Server thread/INFO]: Wheat Growth Modifier: 100%
[02:02:27] [Server thread/INFO]: NetherWart Growth Modifier: 100%
[02:02:27] [Server thread/INFO]: Vine Growth Modifier: 100%
[02:02:27] [Server thread/INFO]: Cocoa Growth Modifier: 100%
[02:02:27] [Server thread/INFO]: Bamboo Growth Modifier: 100%
[02:02:27] [Server thread/INFO]: SweetBerry Growth Modifier: 100%
[02:02:27] [Server thread/INFO]: Kelp Growth Modifier: 100%
[02:02:27] [Server thread/INFO]: Entity Activation Range: An 32 / Mo 32 / Ra 48 / Mi 16 / Tiv true
[02:02:27] [Server thread/INFO]: Hopper Transfer: 8 Hopper Check: 1 Hopper Amount: 1
[02:02:27] [Server thread/INFO]: Custom Map Seeds:  Village: 10387312 Desert: 14357617 Igloo: 14357618 Jungle: 14357619 Swamp: 14357620 Monument: 10387313 Ocean: 14357621 Shipwreck: 165745295 End City: 10387313 Slime: 987234911 Bastion: 30084232 Fortress: 30084232 Mansion: 10387319 Fossil: 14357921 Portal: 34222645
[02:02:27] [Server thread/INFO]: Max TNT Explosions: 100
[02:02:27] [Server thread/INFO]: Tile Max Tick Time: 50ms Entity max Tick Time: 50ms
[02:02:27] [Server thread/INFO]: Entity Tracking Range: Pl 48 / An 48 / Mo 48 / Mi 32 / Other 64
[02:02:27] [Server thread/INFO]: Allow Zombie Pigmen to spawn from portal blocks: true
[02:02:27] [Server thread/INFO]: View Distance: 10
[02:02:27] [Server thread/INFO]: Item Despawn Rate: 6000
[02:02:27] [Server thread/INFO]: Item Merge Radius: 2.5
[02:02:27] [Server thread/INFO]: Arrow Despawn Rate: 1200 Trident Respawn Rate:1200
[02:02:27] [Server thread/INFO]: Zombie Aggressive Towards Villager: true
[02:02:27] [Server thread/INFO]: Nerfing mobs spawned from spawners: false
[02:02:27] [Server thread/WARN]: Unable to find spawn biome
[02:02:28] [Server thread/INFO]: -------- World Settings For [world_the_end] --------
[02:02:28] [Server thread/INFO]: Experience Merge Radius: 3.0
[02:02:28] [Server thread/INFO]: Mob Spawn Range: 6
[02:02:28] [Server thread/INFO]: Cactus Growth Modifier: 100%
[02:02:28] [Server thread/INFO]: Cane Growth Modifier: 100%
[02:02:28] [Server thread/INFO]: Melon Growth Modifier: 100%
[02:02:28] [Server thread/INFO]: Mushroom Growth Modifier: 100%
[02:02:28] [Server thread/INFO]: Pumpkin Growth Modifier: 100%
[02:02:28] [Server thread/INFO]: Sapling Growth Modifier: 100%
[02:02:28] [Server thread/INFO]: Beetroot Growth Modifier: 100%
[02:02:28] [Server thread/INFO]: Carrot Growth Modifier: 100%
[02:02:28] [Server thread/INFO]: Potato Growth Modifier: 100%
[02:02:28] [Server thread/INFO]: Wheat Growth Modifier: 100%
[02:02:28] [Server thread/INFO]: NetherWart Growth Modifier: 100%
[02:02:28] [Server thread/INFO]: Vine Growth Modifier: 100%
[02:02:28] [Server thread/INFO]: Cocoa Growth Modifier: 100%
[02:02:28] [Server thread/INFO]: Bamboo Growth Modifier: 100%
[02:02:28] [Server thread/INFO]: SweetBerry Growth Modifier: 100%
[02:02:28] [Server thread/INFO]: Kelp Growth Modifier: 100%
[02:02:28] [Server thread/INFO]: Entity Activation Range: An 32 / Mo 32 / Ra 48 / Mi 16 / Tiv true
[02:02:28] [Server thread/INFO]: Hopper Transfer: 8 Hopper Check: 1 Hopper Amount: 1
[02:02:28] [Server thread/INFO]: Custom Map Seeds:  Village: 10387312 Desert: 14357617 Igloo: 14357618 Jungle: 14357619 Swamp: 14357620 Monument: 10387313 Ocean: 14357621 Shipwreck: 165745295 End City: 10387313 Slime: 987234911 Bastion: 30084232 Fortress: 30084232 Mansion: 10387319 Fossil: 14357921 Portal: 34222645
[02:02:28] [Server thread/INFO]: Max TNT Explosions: 100
[02:02:28] [Server thread/INFO]: Tile Max Tick Time: 50ms Entity max Tick Time: 50ms
[02:02:28] [Server thread/INFO]: Entity Tracking Range: Pl 48 / An 48 / Mo 48 / Mi 32 / Other 64
[02:02:28] [Server thread/INFO]: Allow Zombie Pigmen to spawn from portal blocks: true
[02:02:28] [Server thread/INFO]: View Distance: 10
[02:02:28] [Server thread/INFO]: Item Despawn Rate: 6000
[02:02:28] [Server thread/INFO]: Item Merge Radius: 2.5
[02:02:28] [Server thread/INFO]: Arrow Despawn Rate: 1200 Trident Respawn Rate:1200
[02:02:28] [Server thread/INFO]: Zombie Aggressive Towards Villager: true
[02:02:28] [Server thread/INFO]: Nerfing mobs spawned from spawners: false
[02:02:28] [Server thread/WARN]: Unable to find spawn biome
[02:02:29] [Server thread/INFO]: Preparing start region for dimension minecraft:overworld
[02:02:29] [Worker-Main-6/INFO]: Preparing spawn area: 0%
[02:02:30] [Worker-Main-7/INFO]: Preparing spawn area: 0%
[02:02:30] [Worker-Main-9/INFO]: Preparing spawn area: 0%
[02:02:31] [Worker-Main-9/INFO]: Preparing spawn area: 0%
[02:02:31] [Worker-Main-6/INFO]: Preparing spawn area: 3%
[02:02:32] [Worker-Main-6/INFO]: Preparing spawn area: 5%
[02:02:33] [Worker-Main-10/INFO]: Preparing spawn area: 5%
[02:02:33] [Worker-Main-10/INFO]: Preparing spawn area: 9%
[02:02:33] [Worker-Main-10/INFO]: Preparing spawn area: 11%
[02:02:34] [Worker-Main-9/INFO]: Preparing spawn area: 13%
[02:02:34] [Worker-Main-8/INFO]: Preparing spawn area: 17%
[02:02:35] [Worker-Main-10/INFO]: Preparing spawn area: 19%
[02:02:35] [Worker-Main-9/INFO]: Preparing spawn area: 23%
[02:02:36] [Worker-Main-7/INFO]: Preparing spawn area: 26%
[02:02:36] [Worker-Main-7/INFO]: Preparing spawn area: 29%
[02:02:37] [Worker-Main-10/INFO]: Preparing spawn area: 32%
[02:02:37] [Worker-Main-9/INFO]: Preparing spawn area: 35%
[02:02:38] [Worker-Main-10/INFO]: Preparing spawn area: 38%
[02:02:38] [Worker-Main-6/INFO]: Preparing spawn area: 42%
[02:02:39] [Worker-Main-9/INFO]: Preparing spawn area: 44%
[02:02:39] [Worker-Main-8/INFO]: Preparing spawn area: 47%
[02:02:40] [Worker-Main-10/INFO]: Preparing spawn area: 50%
[02:02:40] [Worker-Main-7/INFO]: Preparing spawn area: 54%
[02:02:41] [Worker-Main-6/INFO]: Preparing spawn area: 54%
[02:02:41] [Worker-Main-9/INFO]: Preparing spawn area: 57%
[02:02:42] [Worker-Main-8/INFO]: Preparing spawn area: 57%
[02:02:42] [Worker-Main-9/INFO]: Preparing spawn area: 63%
[02:02:43] [Worker-Main-9/INFO]: Preparing spawn area: 63%
[02:02:43] [Worker-Main-9/INFO]: Preparing spawn area: 63%
[02:02:44] [Worker-Main-8/INFO]: Preparing spawn area: 72%
[02:02:44] [Worker-Main-7/INFO]: Preparing spawn area: 72%
[02:02:45] [Worker-Main-10/INFO]: Preparing spawn area: 83%
[02:02:45] [Worker-Main-10/INFO]: Preparing spawn area: 90%
[02:02:46] [Worker-Main-9/INFO]: Preparing spawn area: 96%
[02:02:46] [Server thread/INFO]: Time elapsed: 16810 ms
[02:02:46] [Server thread/INFO]: Preparing start region for dimension minecraft:the_nether
[02:02:46] [Worker-Main-7/INFO]: Preparing spawn area: 0%
[02:02:47] [Worker-Main-6/INFO]: Preparing spawn area: 2%
[02:02:47] [Worker-Main-6/INFO]: Preparing spawn area: 8%
[02:02:48] [Worker-Main-7/INFO]: Preparing spawn area: 14%
[02:02:48] [Worker-Main-10/INFO]: Preparing spawn area: 20%
[02:02:49] [Worker-Main-8/INFO]: Preparing spawn area: 26%
[02:02:49] [Worker-Main-10/INFO]: Preparing spawn area: 32%
[02:02:50] [Worker-Main-6/INFO]: Preparing spawn area: 39%
[02:02:50] [Worker-Main-10/INFO]: Preparing spawn area: 45%
[02:02:51] [Worker-Main-10/INFO]: Preparing spawn area: 52%
[02:02:51] [Worker-Main-8/INFO]: Preparing spawn area: 60%
[02:02:52] [Worker-Main-6/INFO]: Preparing spawn area: 66%
[02:02:52] [Worker-Main-8/INFO]: Preparing spawn area: 72%
[02:02:53] [Worker-Main-10/INFO]: Preparing spawn area: 77%
[02:02:53] [Worker-Main-9/INFO]: Preparing spawn area: 84%
[02:02:54] [Worker-Main-10/INFO]: Preparing spawn area: 90%
[02:02:54] [Worker-Main-10/INFO]: Preparing spawn area: 98%
[02:02:54] [Server thread/INFO]: Time elapsed: 8121 ms
[02:02:54] [Server thread/INFO]: Preparing start region for dimension minecraft:the_end
[02:02:54] [Worker-Main-10/INFO]: Preparing spawn area: 0%
[02:02:55] [Worker-Main-6/INFO]: Preparing spawn area: 10%
[02:02:55] [Worker-Main-10/INFO]: Preparing spawn area: 36%
[02:02:56] [Worker-Main-10/INFO]: Preparing spawn area: 68%
[02:02:56] [Server thread/INFO]: Time elapsed: 1964 ms
[02:02:56] [Server thread/INFO]: Done (35.806s)! For help, type "help"
[02:03:04] [User Authenticator #1/INFO]: UUID of player nekkan is b6bde4e3-2d36-441e-a915-ef0c2cef1e0e
[02:03:04] [Server thread/INFO]: nekkan[/0:0:0:0:0:0:0:1%0:54762] logged in with entity id 411 at ([world]213.5, 66.0, -2.5)
[02:03:18] [Server thread/INFO]: Made nekkan a server operator
[02:05:25] [User Authenticator #2/INFO]: UUID of player leando_77 is 27770650-50fd-48a7-8766-94588762e4ad
[02:05:25] [Server thread/INFO]: leando_77[/0:0:0:0:0:0:0:1%0:36000] logged in with entity id 946 at ([world]208.5, 68.0, -5.5)
[02:05:37] [User Authenticator #3/INFO]: Disconnecting /0:0:0:0:0:0:0:1%0:36950: Failed to verify username!
[02:05:37] [User Authenticator #3/ERROR]: Username 'dfkjshnfsgfy' tried to join with an invalid session
[02:05:37] [Server thread/INFO]: /0:0:0:0:0:0:0:1%0:36950 lost connection: Failed to verify username!
[02:05:44] [Server thread/INFO]: nekkan issued server command: /rl
[02:05:44] [Server thread/INFO]: nekkan: [0;31;1mPlease note that this command is not supported and may cause issues when using some plugins.[m
[02:05:44] [Server thread/INFO]: nekkan: [0;31;1mIf you encounter any issues please use the /stop command to restart your server.[m
[02:05:44] [Server thread/INFO]: Server Ping Player Sample Count: 12
[02:05:44] [Server thread/INFO]: Using 4 threads for Netty based IO
[02:05:44] [Server thread/INFO]: Debug logging is disabled
[02:05:44] [Server thread/INFO]: -------- World Settings For [world] --------
[02:05:44] [Server thread/INFO]: Experience Merge Radius: 3.0
[02:05:44] [Server thread/INFO]: Mob Spawn Range: 6
[02:05:44] [Server thread/INFO]: Cactus Growth Modifier: 100%
[02:05:44] [Server thread/INFO]: Cane Growth Modifier: 100%
[02:05:44] [Server thread/INFO]: Melon Growth Modifier: 100%
[02:05:44] [Server thread/INFO]: Mushroom Growth Modifier: 100%
[02:05:44] [Server thread/INFO]: Pumpkin Growth Modifier: 100%
[02:05:44] [Server thread/INFO]: Sapling Growth Modifier: 100%
[02:05:44] [Server thread/INFO]: Beetroot Growth Modifier: 100%
[02:05:44] [Server thread/INFO]: Carrot Growth Modifier: 100%
[02:05:44] [Server thread/INFO]: Potato Growth Modifier: 100%
[02:05:44] [Server thread/INFO]: Wheat Growth Modifier: 100%
[02:05:44] [Server thread/INFO]: NetherWart Growth Modifier: 100%
[02:05:44] [Server thread/INFO]: Vine Growth Modifier: 100%
[02:05:44] [Server thread/INFO]: Cocoa Growth Modifier: 100%
[02:05:44] [Server thread/INFO]: Bamboo Growth Modifier: 100%
[02:05:44] [Server thread/INFO]: SweetBerry Growth Modifier: 100%
[02:05:44] [Server thread/INFO]: Kelp Growth Modifier: 100%
[02:05:44] [Server thread/INFO]: Entity Activation Range: An 32 / Mo 32 / Ra 48 / Mi 16 / Tiv true
[02:05:44] [Server thread/INFO]: Hopper Transfer: 8 Hopper Check: 1 Hopper Amount: 1
[02:05:44] [Server thread/INFO]: Custom Map Seeds:  Village: 10387312 Desert: 14357617 Igloo: 14357618 Jungle: 14357619 Swamp: 14357620 Monument: 10387313 Ocean: 14357621 Shipwreck: 165745295 End City: 10387313 Slime: 987234911 Bastion: 30084232 Fortress: 30084232 Mansion: 10387319 Fossil: 14357921 Portal: 34222645
[02:05:44] [Server thread/INFO]: Max TNT Explosions: 100
[02:05:44] [Server thread/INFO]: Tile Max Tick Time: 50ms Entity max Tick Time: 50ms
[02:05:44] [Server thread/INFO]: Entity Tracking Range: Pl 48 / An 48 / Mo 48 / Mi 32 / Other 64
[02:05:44] [Server thread/INFO]: Allow Zombie Pigmen to spawn from portal blocks: true
[02:05:44] [Server thread/INFO]: View Distance: 10
[02:05:44] [Server thread/INFO]: Item Despawn Rate: 6000
[02:05:44] [Server thread/INFO]: Item Merge Radius: 2.5
[02:05:44] [Server thread/INFO]: Arrow Despawn Rate: 1200 Trident Respawn Rate:1200
[02:05:44] [Server thread/INFO]: Zombie Aggressive Towards Villager: true
[02:05:44] [Server thread/INFO]: Nerfing mobs spawned from spawners: false
[02:05:44] [Server thread/INFO]: -------- World Settings For [world_nether] --------
[02:05:44] [Server thread/INFO]: Experience Merge Radius: 3.0
[02:05:44] [Server thread/INFO]: Mob Spawn Range: 6
[02:05:44] [Server thread/INFO]: Cactus Growth Modifier: 100%
[02:05:44] [Server thread/INFO]: Cane Growth Modifier: 100%
[02:05:44] [Server thread/INFO]: Melon Growth Modifier: 100%
[02:05:44] [Server thread/INFO]: Mushroom Growth Modifier: 100%
[02:05:44] [Server thread/INFO]: Pumpkin Growth Modifier: 100%
[02:05:44] [Server thread/INFO]: Sapling Growth Modifier: 100%
[02:05:44] [Server thread/INFO]: Beetroot Growth Modifier: 100%
[02:05:44] [Server thread/INFO]: Carrot Growth Modifier: 100%
[02:05:44] [Server thread/INFO]: Potato Growth Modifier: 100%
[02:05:44] [Server thread/INFO]: Wheat Growth Modifier: 100%
[02:05:44] [Server thread/INFO]: NetherWart Growth Modifier: 100%
[02:05:44] [Server thread/INFO]: Vine Growth Modifier: 100%
[02:05:44] [Server thread/INFO]: Cocoa Growth Modifier: 100%
[02:05:44] [Server thread/INFO]: Bamboo Growth Modifier: 100%
[02:05:44] [Server thread/INFO]: SweetBerry Growth Modifier: 100%
[02:05:44] [Server thread/INFO]: Kelp Growth Modifier: 100%
[02:05:44] [Server thread/INFO]: Entity Activation Range: An 32 / Mo 32 / Ra 48 / Mi 16 / Tiv true
[02:05:44] [Server thread/INFO]: Hopper Transfer: 8 Hopper Check: 1 Hopper Amount: 1
[02:05:44] [Server thread/INFO]: Custom Map Seeds:  Village: 10387312 Desert: 14357617 Igloo: 14357618 Jungle: 14357619 Swamp: 14357620 Monument: 10387313 Ocean: 14357621 Shipwreck: 165745295 End City: 10387313 Slime: 987234911 Bastion: 30084232 Fortress: 30084232 Mansion: 10387319 Fossil: 14357921 Portal: 34222645
[02:05:44] [Server thread/INFO]: Max TNT Explosions: 100
[02:05:44] [Server thread/INFO]: Tile Max Tick Time: 50ms Entity max Tick Time: 50ms
[02:05:44] [Server thread/INFO]: Entity Tracking Range: Pl 48 / An 48 / Mo 48 / Mi 32 / Other 64
[02:05:44] [Server thread/INFO]: Allow Zombie Pigmen to spawn from portal blocks: true
[02:05:44] [Server thread/INFO]: View Distance: 10
[02:05:44] [Server thread/INFO]: Item Despawn Rate: 6000
[02:05:44] [Server thread/INFO]: Item Merge Radius: 2.5
[02:05:44] [Server thread/INFO]: Arrow Despawn Rate: 1200 Trident Respawn Rate:1200
[02:05:44] [Server thread/INFO]: Zombie Aggressive Towards Villager: true
[02:05:44] [Server thread/INFO]: Nerfing mobs spawned from spawners: false
[02:05:44] [Server thread/INFO]: -------- World Settings For [world_the_end] --------
[02:05:44] [Server thread/INFO]: Experience Merge Radius: 3.0
[02:05:44] [Server thread/INFO]: Mob Spawn Range: 6
[02:05:44] [Server thread/INFO]: Cactus Growth Modifier: 100%
[02:05:44] [Server thread/INFO]: Cane Growth Modifier: 100%
[02:05:44] [Server thread/INFO]: Melon Growth Modifier: 100%
[02:05:44] [Server thread/INFO]: Mushroom Growth Modifier: 100%
[02:05:44] [Server thread/INFO]: Pumpkin Growth Modifier: 100%
[02:05:44] [Server thread/INFO]: Sapling Growth Modifier: 100%
[02:05:44] [Server thread/INFO]: Beetroot Growth Modifier: 100%
[02:05:44] [Server thread/INFO]: Carrot Growth Modifier: 100%
[02:05:44] [Server thread/INFO]: Potato Growth Modifier: 100%
[02:05:44] [Server thread/INFO]: Wheat Growth Modifier: 100%
[02:05:44] [Server thread/INFO]: NetherWart Growth Modifier: 100%
[02:05:44] [Server thread/INFO]: Vine Growth Modifier: 100%
[02:05:44] [Server thread/INFO]: Cocoa Growth Modifier: 100%
[02:05:44] [Server thread/INFO]: Bamboo Growth Modifier: 100%
[02:05:44] [Server thread/INFO]: SweetBerry Growth Modifier: 100%
[02:05:44] [Server thread/INFO]: Kelp Growth Modifier: 100%
[02:05:44] [Server thread/INFO]: Entity Activation Range: An 32 / Mo 32 / Ra 48 / Mi 16 / Tiv true
[02:05:44] [Server thread/INFO]: Hopper Transfer: 8 Hopper Check: 1 Hopper Amount: 1
[02:05:44] [Server thread/INFO]: Custom Map Seeds:  Village: 10387312 Desert: 14357617 Igloo: 14357618 Jungle: 14357619 Swamp: 14357620 Monument: 10387313 Ocean: 14357621 Shipwreck: 165745295 End City: 10387313 Slime: 987234911 Bastion: 30084232 Fortress: 30084232 Mansion: 10387319 Fossil: 14357921 Portal: 34222645
[02:05:44] [Server thread/INFO]: Max TNT Explosions: 100
[02:05:44] [Server thread/INFO]: Tile Max Tick Time: 50ms Entity max Tick Time: 50ms
[02:05:44] [Server thread/INFO]: Entity Tracking Range: Pl 48 / An 48 / Mo 48 / Mi 32 / Other 64
[02:05:44] [Server thread/INFO]: Allow Zombie Pigmen to spawn from portal blocks: true
[02:05:44] [Server thread/INFO]: View Distance: 10
[02:05:44] [Server thread/INFO]: Item Despawn Rate: 6000
[02:05:44] [Server thread/INFO]: Item Merge Radius: 2.5
[02:05:44] [Server thread/INFO]: Arrow Despawn Rate: 1200 Trident Respawn Rate:1200
[02:05:44] [Server thread/INFO]: Zombie Aggressive Towards Villager: true
[02:05:44] [Server thread/INFO]: Nerfing mobs spawned from spawners: false
[02:05:44] [Server thread/INFO]: Reloading ResourceManager: Default, bukkit
[02:05:44] [Server thread/INFO]: Loaded 7 recipes
[02:05:45] [Server thread/INFO]: Reloading ResourceManager: Default, bukkit
[02:05:45] [Server thread/INFO]: Loaded 7 recipes
[02:05:46] [Server thread/INFO]: Server permissions file permissions.yml is empty, ignoring it
[02:05:46] [Server thread/INFO]: nekkan: [0;32;1mReload complete.[m
[02:05:48] [Server thread/INFO]: nekkan issued server command: /restart
[02:05:48] [Server thread/INFO]: Startup script './start.sh' does not exist! Stopping server.
[02:05:48] [Server thread/INFO]: Stopping server
[02:05:48] [Server thread/INFO]: Saving players
[02:05:48] [Server thread/INFO]: nekkan lost connection: Server closed
[02:05:48] [Server thread/INFO]: nekkan left the game
[02:05:48] [Server thread/INFO]: leando_77 lost connection: Server closed
[02:05:48] [Server thread/INFO]: leando_77 left the game
[02:05:48] [Server thread/INFO]: Saving worlds
[02:05:48] [Server thread/INFO]: Saving chunks for level 'ServerLevel[world]'/minecraft:overworld
[02:06:00] [Server thread/INFO]: ThreadedAnvilChunkStorage (world): All chunks are saved
[02:06:00] [Server thread/INFO]: Saving chunks for level 'ServerLevel[world_nether]'/minecraft:the_nether
[02:06:11] [Server thread/INFO]: ThreadedAnvilChunkStorage (DIM-1): All chunks are saved
[02:06:11] [Server thread/INFO]: Saving chunks for level 'ServerLevel[world_the_end]'/minecraft:the_end
[02:06:22] [Server thread/INFO]: ThreadedAnvilChunkStorage (DIM1): All chunks are saved
[02:06:22] [Server thread/INFO]: ThreadedAnvilChunkStorage (world): All chunks are saved
[02:06:22] [Server thread/INFO]: ThreadedAnvilChunkStorage (DIM-1): All chunks are saved
[02:06:22] [Server thread/INFO]: ThreadedAnvilChunkStorage (DIM1): All chunks are saved
